xauth:  file /home/eih/.serverauth.3645 does not exist

/usr/local/libexec/Xorg.wrap: Only console users are allowed to run the X server
xinit: giving up
xinit: unable to connect to X server: Connection refused
xinit: server error
/home/eih/.local/bin/start-dwm: line 24: slstatus: command not found
Unknown keysym name: '-'.
[3697:75416549269504:0424/194237.895231:ERROR:shared_image_manager.cc(401)] SharedImageManager::ProduceSkia: Trying to Produce a Skia representation from a non-existent mailbox.
[3701:32121519420672:0424/194245.291570:ERROR:ssl_client_socket_impl.cc(877)] handshake failed; returned -1, SSL error code 1, net_error -101
[3701:32121519420672:0424/194246.652624:ERROR:ssl_client_socket_impl.cc(877)] handshake failed; returned -1, SSL error code 1, net_error -101
[3701:32121519420672:0424/194249.065453:ERROR:ssl_client_socket_impl.cc(877)] handshake failed; returned -1, SSL error code 1, net_error -101
[3701:32121519420672:0424/194301.859998:ERROR:ssl_client_socket_impl.cc(877)] handshake failed; returned -1, SSL error code 1, net_error -101
[3701:32121519420672:0424/194302.806674:ERROR:ssl_client_socket_impl.cc(877)] handshake failed; returned -1, SSL error code 1, net_error -101
[3689:76516232863744:0424/194310.204607:ERROR:atom_cache.cc(232)] Add chromium/x-internal-source-rfh-token to kAtomsToCache
[3701:32121519420672:0424/194405.846620:ERROR:ssl_client_socket_impl.cc(877)] handshake failed; returned -1, SSL error code 1, net_error -101
[3689:76516232863744:0424/194438.153922:ERROR:device_event_log_impl.cc(202)] [19:44:38.153] HID: hid_service_freebsd.cc:138 Failed to open '/dev/uhid0': FILE_ERROR_ACCESS_DENIED
[3689:76516232863744:0424/194438.154032:ERROR:device_event_log_impl.cc(202)] [19:44:38.153] HID: hid_service_freebsd.cc:138 Failed to open '/dev/uhid1': FILE_ERROR_ACCESS_DENIED
[3701:32121519420672:0424/194737.242952:ERROR:ssl_client_socket_impl.cc(877)] handshake failed; returned -1, SSL error code 1, net_error -101
[3701:32121519420672:0424/194842.069164:ERROR:ssl_client_socket_impl.cc(877)] handshake failed; returned -1, SSL error code 1, net_error -101
[3701:32121519420672:0424/194854.334033:ERROR:ssl_client_socket_impl.cc(877)] handshake failed; returned -1, SSL error code 1, net_error -101
[3701:32121519420672:0424/194855.674054:ERROR:ssl_client_socket_impl.cc(877)] handshake failed; returned -1, SSL error code 1, net_error -101
[3701:32121519420672:0424/194942.498991:ERROR:ssl_client_socket_impl.cc(877)] handshake failed; returned -1, SSL error code 1, net_error -101
[3701:32121519420672:0424/194958.442671:ERROR:ssl_client_socket_impl.cc(877)] handshake failed; returned -1, SSL error code 1, net_error -101
[3701:32121519420672:0424/195212.821430:ERROR:ssl_client_socket_impl.cc(877)] handshake failed; returned -1, SSL error code 1, net_error -101
[3701:32121519420672:0424/195224.309173:ERROR:ssl_client_socket_impl.cc(877)] handshake failed; returned -1, SSL error code 1, net_error -101
[3701:32121519420672:0424/195503.682493:ERROR:ssl_client_socket_impl.cc(877)] handshake failed; returned -1, SSL error code 1, net_error -101
[3701:32121519420672:0424/200450.215846:ERROR:ssl_client_socket_impl.cc(877)] handshake failed; returned -1, SSL error code 1, net_error -101
[3701:32121519420672:0424/201346.849003:ERROR:ssl_client_socket_impl.cc(877)] handshake failed; returned -1, SSL error code 1, net_error -101
[3701:32121519420672:0424/202250.167019:ERROR:ssl_client_socket_impl.cc(877)] handshake failed; returned -1, SSL error code 1, net_error -101
